{"/mnt/DATA/Code/vue-example-vuetify2-storybook-jest/src/main.js": {"path":"/mnt/DATA/Code/vue-example-vuetify2-storybook-jest/src/main.js","statementMap":{"0":{"start":{"line":8,"column":0},"end":{"line":8,"column":33}},"1":{"start":{"line":10,"column":0},"end":{"line":14,"column":18}},"2":{"start":{"line":13,"column":15},"end":{"line":13,"column":21}}},"fnMap":{"0":{"name":"(anonymous_0)","decl":{"start":{"line":13,"column":10},"end":{"line":13,"column":11}},"loc":{"start":{"line":13,"column":15},"end":{"line":13,"column":21}},"line":13}},"branchMap":{},"s":{"0":0,"1":0,"2":0},"f":{"0":0},"b":{},"hash":"522ce06dae1cc37c946ea3e5e457d1e3f31ecfc0"}
}
